<?xml version="1.0" encoding="UTF-8"?>
<testng-results skipped="0" failed="0" ignored="0" total="1" passed="1">
  <reporter-output>
  </reporter-output>
  <suite name="Default suite" duration-ms="7591" started-at="2018-07-03T17:46:01Z" finished-at="2018-07-03T17:46:08Z">
    <groups>
    </groups>
    <test name="Default test" duration-ms="7591" started-at="2018-07-03T17:46:01Z" finished-at="2018-07-03T17:46:08Z">
      <class name="com.hybrid.framework.execution.TestRunner">
        <test-method status="PASS" signature="performTest()[pri:0, instance:com.hybrid.framework.execution.TestRunner@3c0f93f1]" name="performTest" duration-ms="7573" started-at="2018-07-03T23:16:01Z" finished-at="2018-07-03T23:16:08Z">
          <reporter-output>
          </reporter-output>
        </test-method> <!-- performTest -->
      </class> <!-- com.hybrid.framework.execution.TestRunner -->
    </test> <!-- Default test -->
  </suite> <!-- Default suite -->
</testng-results>
